

*******************************************************************************
Wed Oct  3 13:06:31 2018


FIT:    data read from "< grep -v 'u' probability"
        format = z
        #datapoints = 801
        residuals are weighted equally (unit weight)

function used for fitting: f(x)
	f(x)= A * exp(-(x-x0)**2/2./sigma**2)
fitted parameters initialized with current variable values

iter      chisq       delta/lim  lambda   x0            sigma         A            
   0 3.1180743555e+02   0.00e+00  6.02e-01    1.000000e+00   1.000000e+00   1.000000e+00
  80 3.4029572610e-11  -8.90e-01  6.02e-09   -3.658086e+00   4.800754e+00   8.947737e-07

After 80 iterations the fit converged.
final sum of squares of residuals : 3.40296e-11
rel. change during last iteration : -8.89711e-06

degrees of freedom    (FIT_NDF)                        : 798
rms of residuals      (FIT_STDFIT) = sqrt(WSSR/ndf)    : 2.06503e-07
variance of residuals (reduced chisquare) = WSSR/ndf   : 4.26436e-14

Final set of parameters            Asymptotic Standard Error
=======================            ==========================
x0              = -3.65809         +/- 51.22        (1400%)
sigma           = 4.80075          +/- 33.4         (695.7%)
A               = 8.94774e-07      +/- 3.664e-06    (409.5%)

correlation matrix of the fit parameters:
                x0     sigma  A      
x0              1.000 
sigma          -0.999  1.000 
A              -0.999  0.998  1.000 
